<?xml version="1.0" encoding="UTF-8"?>

<mule
	    xmlns="http://www.mulesoft.org/schema/mule/core"
        xmlns:xsi="http://www.w3.org/2001/XMLSchema-instance"
        xmlns:spring="http://www.springframework.org/schema/beans"
        xmlns:doc="http://www.mulesoft.org/schema/mule/documentation"
        xmlns:apikit="http://www.mulesoft.org/schema/mule/apikit"
		xmlns:http="http://www.mulesoft.org/schema/mule/http"
        xmlns:metrics="http://www.mulesoft.org/schema/mule/metrics"
        xsi:schemaLocation="http://www.mulesoft.org/schema/mule/core http://www.mulesoft.org/schema/mule/core/current/mule.xsd
http://www.mulesoft.org/schema/mule/http http://www.mulesoft.org/schema/mule/http/current/mule-http.xsd
http://www.mulesoft.org/schema/mule/apikit http://www.mulesoft.org/schema/mule/apikit/current/mule-apikit.xsd
http://www.springframework.org/schema/beans http://www.springframework.org/schema/beans/spring-beans-current.xsd
http://www.mulesoft.org/schema/mule/metrics http://www.mulesoft.org/schema/mule/metrics/current/mule-metrics.xsd">

	<!-- Apikit HTTP configuration, which is normally referenced from domain -->
	<http:listener-config name="api-httpListenerConfig" host="${proxy-service.host}" port="${proxy-service.port}" doc:name="HTTP Listener Configuration"/>
	
	<spring:beans>
      <spring:bean id="actualLedgerToLedgerAdapterUrlTransformer"
                 class="com.l1p.interop.ActualLedgerToLedgerAdapterUrlTransformer">
      <spring:property name="ledgerUrlMapper" ref="ledgerUrlMapper"/>
      <spring:property name="urlFields">
        <spring:list>
          <spring:value>id</spring:value>
          <spring:value>ledger</spring:value>
          <spring:value>debits.account</spring:value>
          <spring:value>credits.account</spring:value>
          <spring:value>sourceAccount</spring:value>
          <spring:value>account</spring:value>
        </spring:list>
      </spring:property>
    </spring:bean>

    <spring:bean id="ledgerUrlMapper" class="com.l1p.interop.ilp.ledger.LedgerUrlMapper">
      <!-- Going from dfsp/actual ledger to adapter -->
      <spring:constructor-arg value="${ilp-ledger.url.replacement.regex}"/>
      <spring:constructor-arg value="${ilp-ledger-adapter.ledgerAdapterURL}"/>
      <!-- Going from adapter to dfsp/actual ledger -->
      <spring:constructor-arg value="${ilp-ledger-adapter.url.replacement.regex}"/>
      <spring:constructor-arg value="${ilp-ledger.ledgerURL}"/>
    </spring:bean>

  </spring:beans>
</mule>
